<?xml version="1.0" encoding="UTF-8"?>
<testsuite name="com.ultralesson.oopjava.AppTest" tests="1" skipped="0" failures="0" errors="0" timestamp="2022-07-19T09:32:02" hostname="POPE-INDER" time="0.0">
  <properties/>
  <testcase name="appHasAGreeting" classname="com.ultralesson.oopjava.AppTest" time="0.0"/>
  <system-out><![CDATA[]]></system-out>
  <system-err><![CDATA[]]></system-err>
</testsuite>
